<?xml version="1.0" encoding="UTF-8"?>
<testng-results skipped="0" failed="0" ignored="0" total="1" passed="1">
  <reporter-output>
  </reporter-output>
  <suite name="Suite" duration-ms="110" started-at="2018-01-28T14:14:19Z" finished-at="2018-01-28T14:14:20Z">
    <groups>
    </groups>
    <test name="Test" duration-ms="110" started-at="2018-01-28T14:14:19Z" finished-at="2018-01-28T14:14:20Z">
      <class name="com.demo.tc.TestCase1">
        <test-method status="PASS" signature="tc1()[pri:0, instance:com.demo.tc.TestCase1@f4468b]" name="tc1" duration-ms="42" started-at="2018-01-28T19:44:19Z" finished-at="2018-01-28T19:44:20Z">
          <reporter-output>
          </reporter-output>
        </test-method> <!-- tc1 -->
      </class> <!-- com.demo.tc.TestCase1 -->
    </test> <!-- Test -->
  </suite> <!-- Suite -->
</testng-results>
